2026-03-27 13:23:39,525 - ERROR - An error occured during the get request Invalid URL 'Ola': No scheme supplied. Perhaps you meant https://Ola?
2026-03-27 13:24:19,479 - ERROR - An error occured during the get request Invalid URL 'Ola': No scheme supplied. Perhaps you meant https://Ola?
2026-04-01 12:34:54,742 - ERROR - An error occured during the get request Invalid URL 'Ola': No scheme supplied. Perhaps you meant https://Ola?
2026-04-01 12:36:13,524 - ERROR - An error occured during the get request Invalid URL 'Ola': No scheme supplied. Perhaps you meant https://Ola?
2026-04-01 12:38:51,242 - DEBUG - Function called with Ola
2026-04-01 12:38:51,243 - ERROR - An error occured during the get request Invalid URL 'Ola': No scheme supplied. Perhaps you meant https://Ola?
2026-04-01 12:41:54,962 - DEBUG - Function called with https://www.google.co.uk
2026-04-01 12:41:54,964 - DEBUG - Starting new HTTPS connection (1): www.google.co.uk:443
2026-04-01 12:41:55,495 - DEBUG - https://www.google.co.uk:443 "GET / HTTP/1.1" 301 220
2026-04-01 12:41:55,496 - DEBUG - Starting new HTTPS connection (1): www.google.com:443
2026-04-01 12:41:56,004 - DEBUG - https://www.google.com:443 "GET / HTTP/1.1" 200 None
2026-04-01 12:42:18,730 - DEBUG - Function called with https://www.google.co.uk
2026-04-01 12:42:18,732 - DEBUG - Starting new HTTPS connection (1): www.google.co.uk:443
2026-04-01 12:42:19,262 - DEBUG - https://www.google.co.uk:443 "GET / HTTP/1.1" 301 220
2026-04-01 12:42:19,264 - DEBUG - Starting new HTTPS connection (1): www.google.com:443
2026-04-01 12:42:19,764 - DEBUG - https://www.google.com:443 "GET / HTTP/1.1" 200 None
2026-04-01 12:44:00,310 - DEBUG - Function called with https://www.google.co.uk
2026-04-01 12:44:00,312 - DEBUG - Starting new HTTPS connection (1): www.google.co.uk:443
2026-04-01 12:44:01,049 - DEBUG - https://www.google.co.uk:443 "GET / HTTP/1.1" 301 220
2026-04-01 12:44:01,051 - DEBUG - Starting new HTTPS connection (1): www.google.com:443
2026-04-01 12:44:01,647 - DEBUG - https://www.google.com:443 "GET / HTTP/1.1" 200 None
2026-04-01 12:44:30,505 - DEBUG - Function called with https://www.google.co.uk
2026-04-01 12:44:30,508 - DEBUG - Starting new HTTPS connection (1): www.google.co.uk:443
2026-04-01 12:44:31,115 - DEBUG - https://www.google.co.uk:443 "GET / HTTP/1.1" 301 220
2026-04-01 12:44:31,117 - DEBUG - Starting new HTTPS connection (1): www.google.com:443
2026-04-01 12:44:31,776 - DEBUG - https://www.google.com:443 "GET / HTTP/1.1" 200 None
2026-04-05 16:52:23,706 - DEBUG - Function called with https://www.google.co.uk
2026-04-05 16:52:23,715 - DEBUG - Starting new HTTPS connection (1): www.google.co.uk:443
2026-04-05 16:52:24,322 - DEBUG - https://www.google.co.uk:443 "GET / HTTP/1.1" 301 220
2026-04-05 16:52:24,323 - DEBUG - Starting new HTTPS connection (1): www.google.com:443
2026-04-05 16:52:24,997 - DEBUG - https://www.google.com:443 "GET / HTTP/1.1" 200 None
2026-04-05 16:59:21,275 - DEBUG - Function called with https://www.google.co.uk
2026-04-05 16:59:21,278 - DEBUG - Starting new HTTPS connection (1): www.google.co.uk:443
2026-04-05 16:59:21,944 - DEBUG - https://www.google.co.uk:443 "GET / HTTP/1.1" 301 220
2026-04-05 16:59:21,946 - DEBUG - Starting new HTTPS connection (1): www.google.com:443
2026-04-05 16:59:22,682 - DEBUG - https://www.google.com:443 "GET / HTTP/1.1" 200 None
2026-04-05 16:59:22,732 - INFO - Successful call to {url}, returned {req.status_code}
2026-04-05 16:59:59,491 - DEBUG - Function called with https://www.google.co.uk
2026-04-05 16:59:59,494 - DEBUG - Starting new HTTPS connection (1): www.google.co.uk:443
2026-04-05 17:00:00,259 - DEBUG - https://www.google.co.uk:443 "GET / HTTP/1.1" 301 220
2026-04-05 17:00:00,261 - DEBUG - Starting new HTTPS connection (1): www.google.com:443
2026-04-05 17:00:01,144 - DEBUG - https://www.google.com:443 "GET / HTTP/1.1" 200 None
2026-04-05 17:00:01,282 - INFO - Successful call to https://www.google.co.uk, returned 200
2026-04-05 17:00:24,118 - DEBUG - Function called with https://www.google.co.uk
2026-04-05 17:00:24,120 - DEBUG - Starting new HTTPS connection (1): www.google.co.uk:443
2026-04-05 17:00:24,754 - DEBUG - https://www.google.co.uk:443 "GET / HTTP/1.1" 301 220
2026-04-05 17:00:24,755 - DEBUG - Starting new HTTPS connection (1): www.google.com:443
2026-04-05 17:00:25,522 - DEBUG - https://www.google.com:443 "GET / HTTP/1.1" 200 None
2026-04-05 17:00:25,662 - INFO - Successful call to https://www.google.co.uk, it returned 200
